Verification log – 2026-07-22 02:08:50 UTC
Execution time: 42.8s
Total proxies tested: 278
Working proxies found: 210
------------------------------------------------------------
Timestamp                   Host:Port                      Status Ping     Region
------------------------------------------------------------
2026-07-22T02:08:47.408769  172.65.186.19:443              OK     0.012s   eu
2026-07-22T02:08:47.430703  World-press.Online-shop.speeker-voice.avadox-zhoan.info:144 FAIL   -        eu
2026-07-22T02:08:47.452558  googel.alo-otp.info.:25565     OK     0.058s   eu
2026-07-22T02:08:47.455247  dark.basicscotch.co.uk:22      OK     0.062s   eu
2026-07-22T02:08:47.500689  78.154.116.30:1010             OK     0.115s   eu
2026-07-22T02:08:47.503711  87.248.132.34:70               FAIL   -        eu
2026-07-22T02:08:47.504706  87.248.132.99:8443             FAIL   -        eu
2026-07-22T02:08:47.507023  176.65.135.69:443              OK     0.118s   eu
2026-07-22T02:08:47.513843  116.203.140.198:8443           OK     0.126s   eu
2026-07-22T02:08:47.515779  78.154.116.28:1010             OK     0.119s   eu
2026-07-22T02:08:47.516181  best-ruter.eyvazi-master.ir:9741 FAIL   -        eu
2026-07-22T02:08:47.516276  3.telbet.lol:25565             OK     0.12s    eu
2026-07-22T02:08:47.516980  23.88.51.230:443               OK     0.12s    eu
2026-07-22T02:08:47.520230  87.248.132.38:85               FAIL   -        eu
2026-07-22T02:08:47.525110  5.75.218.54:8443               OK     0.126s   eu
2026-07-22T02:08:47.525316  65.109.147.34:443              OK     0.139s   eu
2026-07-22T02:08:47.526916  195.254.165.249:25565          FAIL   -        eu
2026-07-22T02:08:47.527476  fas8t.co.uk.:443               OK     0.142s   eu
2026-07-22T02:08:47.528083  ocean.babysharkollah.co.uk:8443 OK     0.141s   eu
2026-07-22T02:08:47.528306  sv4.just-money.co.uk:443       OK     0.143s   eu
2026-07-22T02:08:47.537616  95.217.193.214:443             OK     0.139s   eu
2026-07-22T02:08:47.544699  ftp.jinxandjack.co.uk.:443     OK     0.154s   eu
2026-07-22T02:08:47.545497  noron.talebi.co.uk:2096        OK     0.158s   eu
2026-07-22T02:08:47.545658  box.lavazemi5.co.uk:2053       OK     0.151s   eu
2026-07-22T02:08:47.549344  nobat.clinic-roya.ir:443       FAIL   -        eu
2026-07-22T02:08:47.550386  book.malavanann.co.uk:2096     OK     0.151s   eu
2026-07-22T02:08:47.550405  basic.here-funnycloud.co.uk:443 OK     0.155s   eu
2026-07-22T02:08:47.552099  webhook.what-ever.co.uk.:443   OK     0.153s   eu
2026-07-22T02:08:47.552352  ams1.tlgfast.com:443           OK     0.159s   eu
2026-07-22T02:08:47.554382  should.be.wake.up.ir.yfdhjderkig.info.:88 OK     0.166s   eu
2026-07-22T02:08:47.555273  Masi.zban-df.info:8888         FAIL   -        eu
2026-07-22T02:08:47.557391  87.248.134.204:443             FAIL   -        eu
2026-07-22T02:08:47.558038  folox.jeyko-max.info.:44300    OK     0.165s   eu
2026-07-22T02:08:47.558252  new7.mizanmizanesgh.co.uk:4455 OK     0.166s   eu
2026-07-22T02:08:47.558412  logs.jinxandjack.co.uk.:443    OK     0.166s   eu
2026-07-22T02:08:47.561067  pathory.co.uk.:443             OK     0.164s   eu
2026-07-22T02:08:47.561934  87.248.134.172:443             FAIL   -        eu
2026-07-22T02:08:47.563128  mini.lavazemi4.co.uk:443       OK     0.174s   eu
2026-07-22T02:08:47.563418  Lashboy.muzanesghy.co.uk:4455  OK     0.164s   eu
2026-07-22T02:08:47.564610  bale-ai.vingardium.co.uk.:8443 OK     0.178s   eu
2026-07-22T02:08:47.565956  na5zar.ir.meli-n13.info:8443   OK     0.174s   eu
2026-07-22T02:08:47.566741  soh5.goooalir.co.uk:8443       OK     0.182s   eu
2026-07-22T02:08:47.567286  3322xx22.ir.meli-n13.info:8443 OK     0.178s   eu
2026-07-22T02:08:47.567571  mashtibash.vafadari.co.uk:2096 OK     0.184s   eu
2026-07-22T02:08:47.568136  Ghavi.nofex-co.info:8770       OK     0.171s   eu
2026-07-22T02:08:47.569067  hetzner.vanitydomain.co.uk.:443 FAIL   -        eu
2026-07-22T02:08:47.569598  webhook.jinxandjack.co.uk.:443 OK     0.173s   eu
2026-07-22T02:08:47.570363  781.li.meli-n12.info:8443      OK     0.175s   eu
2026-07-22T02:08:47.570887  135.181.86.60:443              OK     0.14s    eu
2026-07-22T02:08:47.571953  e7001m1.ir.ir.ir.meli-n12.info:8443 OK     0.185s   eu
2026-07-22T02:08:47.573975  2ee9fjwj1.mmd1.meli-n12.info:8443 OK     0.182s   eu
2026-07-22T02:08:47.574882  ad4.arixo.shop:443             OK     0.184s   eu
2026-07-22T02:08:47.578547  gafio6g7h268uh8ihbx7h7hdhh991m2.ir.meli-n13.info:8443 OK     0.194s   eu
2026-07-22T02:08:47.580899  na6gzar.ir.meli-n13.info:8443  OK     0.197s   eu
2026-07-22T02:08:47.582931  ad2.arixo.shop:443             OK     0.199s   eu
2026-07-22T02:08:47.583062  beest-sellerst.co.uk.:443      OK     0.195s   eu
2026-07-22T02:08:47.585336  downlod.forzajuve.co.uk.:8443  OK     0.199s   eu
2026-07-22T02:08:47.586911  Records.bookmarksman.ir:2040   FAIL   -        eu
2026-07-22T02:08:47.587286  vasll8j.ir.meli-n13.info:8443  OK     0.199s   eu
2026-07-22T02:08:47.587953  gaf6g7h26ff8uh8ihbx7h7hdhh991m2.ir.meli-n13.info:8443 OK     0.191s   eu
2026-07-22T02:08:47.592686  download.forzajuve.co.uk.:8443 OK     0.202s   eu
2026-07-22T02:08:47.592792  rudomain.info.:443             OK     0.203s   eu
2026-07-22T02:08:47.593133  beer.crona-extra.co.uk:8443    OK     0.197s   eu
2026-07-22T02:08:47.596421  biaberim.estakhr.info:443      OK     0.2s     eu
2026-07-22T02:08:47.599680  b.sub-ploter.co.uk:22          OK     0.054s   eu
2026-07-22T02:08:47.600191  ad5.arixo.shop:443             OK     0.191s   eu
2026-07-22T02:08:47.600396  qqpp7hhhuuu991m2.ir.meli-n13.info:8443 OK     0.212s   eu
2026-07-22T02:08:47.600509  molavi.masnavi.info:443        OK     0.206s   eu
2026-07-22T02:08:47.602564  hetzner-com.vanitydomain.co.uk.:443 FAIL   -        eu
2026-07-22T02:08:47.608071  gol.dokhtar.hedoit.info:443    OK     0.222s   eu
2026-07-22T02:08:47.612579  developer.davazdah.info:443    OK     0.218s   eu
2026-07-22T02:08:47.617067  jounob-iran-dar-ghalb-mast.simbol.info:443 OK     0.23s    eu
2026-07-22T02:08:47.617195  udymay.abilim.info:443         FAIL   -        eu
2026-07-22T02:08:47.619008  wan.asiaadomainsshatelhamrahaval.co.uk.:443 OK     0.164s   eu
2026-07-22T02:08:47.626798  syntax.ddnscdn.sbs.:443        OK     0.12s    eu
2026-07-22T02:08:47.627911  2.telbet.lol:25565             OK     0.242s   eu
2026-07-22T02:08:47.629414  207pana.denatara.info:443      OK     0.236s   eu
2026-07-22T02:08:47.631788  seems.simbol.info:443          OK     0.239s   eu
2026-07-22T02:08:47.643885  www.tapglow.ir.:8443           OK     0.253s   eu
2026-07-22T02:08:47.648002  manavi.masnavi.info:443        OK     0.121s   eu
2026-07-22T02:08:47.650814  vayfay.harah-irancell.info.:8443 OK     0.256s   eu
2026-07-22T02:08:47.656704  bale-ai.vingardium.co.uk.:443  OK     0.14s    eu
2026-07-22T02:08:47.667594  gaf6g7h268uh8ihbx7h7hudhh991m2.ir.meli-n13.info:8443 OK     0.281s   eu
2026-07-22T02:08:47.669815  5.75.220.5:8443                OK     0.125s   eu
2026-07-22T02:08:47.674983  rr7dhoo88001m1.ir.ir.ir.meli-n12.info:8443 OK     0.174s   eu
2026-07-22T02:08:47.678425  shir.dokhtar.hedoit.info:443   OK     0.162s   eu
2026-07-22T02:08:47.685912  valla.chemidonam.co.uk:443     OK     0.161s   eu
2026-07-22T02:08:47.689503  135.181.92.68:8443             OK     0.139s   eu
2026-07-22T02:08:47.689625  naz6ggar.ir.meli-n13.info:8443 OK     0.162s   eu
2026-07-22T02:08:47.689798  web.jinxandjack.co.uk.:8443    OK     0.176s   eu
2026-07-22T02:08:47.691738  web.jinxandjack.co.uk.:443     OK     0.139s   eu
2026-07-22T02:08:47.692775  whale.babysharkollah.co.uk:8443 OK     0.147s   eu
2026-07-22T02:08:47.694993  ops2ops.co.uk.:443             OK     0.167s   eu
2026-07-22T02:08:47.705329  tgb92cf27d.koshkaproxy.shop:443 OK     0.177s   eu
2026-07-22T02:08:47.707107  vip.petros-es.co.uk:1010       FAIL   -        eu
2026-07-22T02:08:47.709841  moh.kingproxynewdomailasiatech.ink:25565 OK     0.123s   eu
2026-07-22T02:08:47.712681  soheil.goooalir.co.uk:8443     OK     0.315s   eu
2026-07-22T02:08:47.713315  api.groundfloorsolutions.co.uk.:443 OK     0.188s   eu
2026-07-22T02:08:47.715807  93.183.88.188:443              OK     0.119s   eu
2026-07-22T02:08:47.716553  rr8ijjoo88001m1.ir.ir.ir.meli-n12.info:8443 OK     0.15s    eu
2026-07-22T02:08:47.716583  subobdoa.co.uk.:443            OK     0.333s   eu
2026-07-22T02:08:47.716999  webcam.shirbooni.co.uk:144     OK     0.159s   eu
2026-07-22T02:08:47.720794  sv2.just-money.co.uk:443       OK     0.153s   eu
2026-07-22T02:08:47.722132  vip.qavi-13.co.uk:1010         FAIL   -        eu
2026-07-22T02:08:47.722253  fresh.t-proxy.info.:25565      OK     0.15s    eu
2026-07-22T02:08:47.725357  webhook.vingardium.co.uk.:443  OK     0.162s   eu
2026-07-22T02:08:47.728288  permiiium.lavazemi2.co.uk:2096 OK     0.141s   eu
2026-07-22T02:08:47.728684  indigogift.fun:8443            OK     0.162s   eu
2026-07-22T02:08:47.731352  3.masi.masi.zban-mas.info:8888 FAIL   -        eu
2026-07-22T02:08:47.731630  204.168.203.138:443            OK     0.138s   eu
2026-07-22T02:08:47.732339  07f01m1.ir.ir.ir.meli-n12.info:8443 OK     0.195s   eu
2026-07-22T02:08:47.733460  194.150.166.224:443            OK     0.145s   eu
2026-07-22T02:08:47.734659  79.137.196.223:14443           OK     0.135s   eu
2026-07-22T02:08:47.735581  app.what-ever.co.uk.:443       OK     0.161s   eu
2026-07-22T02:08:47.739285  logs.jinxandjack.co.uk.:443    OK     0.122s   eu
2026-07-22T02:08:47.739641  195.254.165.253:25565          FAIL   -        eu
2026-07-22T02:08:47.739763  991m72.ir.meli-n13.info:8443   OK     0.181s   eu
2026-07-22T02:08:47.740503  visit.clinic-roya.ir:443       OK     0.349s   eu
2026-07-22T02:08:47.740880  97e91m2.ir.meli-n13.info:8443  OK     0.16s    eu
2026-07-22T02:08:47.744966  miz.tashkilat.info:443         OK     0.166s   eu
2026-07-22T02:08:47.745675  PAyDaR.goooalir.co.uk:8443     OK     0.184s   eu
2026-07-22T02:08:47.746375  135.181.74.178:443             OK     0.144s   eu
2026-07-22T02:08:47.748787  www.172-63.ir.:8443            OK     0.351s   eu
2026-07-22T02:08:47.751553  neshane-rah.simbol.info:443    OK     0.196s   eu
2026-07-22T02:08:47.751729  r77roo88001m1.ir.ir.ir.meli-n12.info:8443 OK     0.133s   eu
2026-07-22T02:08:47.753012  hadaf.golgoli2.co.uk:2053      OK     0.183s   eu
2026-07-22T02:08:47.753244  7001m1.ir.ir.ir.meli-n12.info:8443 OK     0.141s   eu
2026-07-22T02:08:47.753598  gaf6g7h268uh8ihbx77h7hdhh991m2.ir.meli-n13.info:8443 OK     0.189s   eu
2026-07-22T02:08:47.753697  gold.lavazemi4.co.uk:2096      OK     0.145s   eu
2026-07-22T02:08:47.757212  ad1.arixo.shop:443             OK     0.207s   eu
2026-07-22T02:08:47.757716  Q4.opt-meli.info:443           FAIL   -        eu
2026-07-22T02:08:47.761839  168.119.161.251:443            OK     0.13s    eu
2026-07-22T02:08:47.765641  r1.balebale.co.uk:4455         OK     0.165s   eu
2026-07-22T02:08:47.769268  nasaji.estakhr.info:443        OK     0.22s    eu
2026-07-22T02:08:47.774594  mizaneshgh2.co.uk:4455         OK     0.182s   eu
2026-07-22T02:08:47.774609  87.248.132.2:443               FAIL   -        eu
2026-07-22T02:08:47.794983  bo9ss.co.uk.:443               OK     0.144s   eu
2026-07-22T02:08:47.796819  kala.golgoli1.co.uk:443        OK     0.167s   eu
2026-07-22T02:08:47.798406  bia.nisti.co.uk:8880           OK     0.142s   eu
2026-07-22T02:08:47.801667  1.vak1l.ir:22                  OK     0.216s   eu
2026-07-22T02:08:47.804265  Fighter-Man.ir-proxy.Manege-Desktop-For.Co.Im.:4443 OK     0.241s   eu
2026-07-22T02:08:47.808239  82.44-207-58.ir.:8443          OK     0.256s   eu
2026-07-22T02:08:47.811582  Bezan-Ke.Khob-Mizani.manege-desktop-for.co.im.:4443 OK     0.257s   eu
2026-07-22T02:08:47.816895  6632511kkkkk.ir.ir.ir.meli-n12.info:8443 OK     0.142s   eu
2026-07-22T02:08:47.818353  571.li.meli-n12.info:8443      OK     0.261s   eu
2026-07-22T02:08:47.823294  come.vak1l.ir:22               OK     0.026s   eu
2026-07-22T02:08:47.828365  chelipa.co.uk.:443             OK     0.142s   eu
2026-07-22T02:08:47.832478  sop.foodpatuy.ir.:443          OK     0.328s   eu
2026-07-22T02:08:47.833488  khob.nisti.co.uk:8880          OK     0.141s   eu
2026-07-22T02:08:47.835758  FOR-IRAN.goooalir.co.uk:8443   OK     0.146s   eu
2026-07-22T02:08:47.840101  178.104.176.206:8443           FAIL   -        eu
2026-07-22T02:08:47.840748  65.109.252.71:8443             OK     0.149s   eu
2026-07-22T02:08:47.846180  connect.savelyev.click:443     OK     0.451s   eu
2026-07-22T02:08:47.847543  go.pelmeshka.top:443           OK     0.464s   eu
2026-07-22T02:08:47.848100  sub.iran-tehran.co.uk.:443     OK     0.461s   eu
2026-07-22T02:08:47.852362  webhook.what-ever.co.uk.:443   OK     0.124s   eu
2026-07-22T02:08:47.859075  relaywise.co.uk.:443           OK     0.164s   eu
2026-07-22T02:08:47.859393  ftp.jinxandjack.co.uk.:443     OK     0.128s   eu
2026-07-22T02:08:47.859544  sub.iran-tehran.co.uk.:443     OK     0.469s   eu
2026-07-22T02:08:47.863607  web.asiaadomainsshatelhamrahaval.co.uk.:443 OK     0.194s   eu
2026-07-22T02:08:47.869212  79.137.196.223:10443           OK     0.129s   eu
2026-07-22T02:08:47.869537  portal.malevich7.top:443       OK     0.474s   eu
2026-07-22T02:08:47.869568  mobleman.tashkilat.info:443    OK     0.18s    eu
2026-07-22T02:08:47.871352  permiiium.lavazemi2.co.uk:443  OK     0.122s   eu
2026-07-22T02:08:47.872346  api.medhata.org:443            OK     0.473s   eu
2026-07-22T02:08:47.874876  syntax.lamari.info:443         OK     0.168s   eu
2026-07-22T02:08:47.875024  204.168.208.130:443            OK     0.139s   eu
2026-07-22T02:08:47.877800  goat.nisti.co.uk:8880          OK     0.138s   eu
2026-07-22T02:08:47.879565  my.jinxandjack.co.uk.:8443     OK     0.174s   eu
2026-07-22T02:08:47.881224  195.254.165.250:25565          FAIL   -        eu
2026-07-22T02:08:47.884566  45.135.194.28:37               FAIL   -        eu
2026-07-22T02:08:47.884585  br8ta.co.uk.:443               OK     0.153s   eu
2026-07-22T02:08:47.885938  football.world-pro.co.uk:25565 OK     0.152s   eu
2026-07-22T02:08:47.888952  app.aftabneta2.ir:85           FAIL   -        eu
2026-07-22T02:08:47.889042  shir.pesar.hedoit.info:443     OK     0.385s   eu
2026-07-22T02:08:47.892140  tassian.goooalir.co.uk:8443    OK     0.321s   eu
2026-07-22T02:08:47.896432  cross-over.lamari.info:443     OK     0.145s   eu
2026-07-22T02:08:47.897544  best-proxy.ink:443             OK     0.314s   eu
2026-07-22T02:08:47.899210  webhook.jinxandjack.co.uk.:443 OK     0.145s   eu
2026-07-22T02:08:47.901123  main.muffinnoliershatelcomingsoon.co.uk.:443 OK     0.18s    eu
2026-07-22T02:08:47.902436  cloud.click-master.co.uk:8443  OK     0.177s   eu
2026-07-22T02:08:47.903137  salahodine.ir.:443             OK     0.255s   eu
2026-07-22T02:08:47.903827  moon.talebi.co.uk:443          OK     0.146s   eu
2026-07-22T02:08:47.904064  nick.ciaude.co.uk:2096         OK     0.304s   eu
2026-07-22T02:08:47.904947  takhasos.karshenasi.info:443   OK     0.389s   eu
2026-07-22T02:08:47.909117  nick.ciaude.co.uk:443          OK     0.187s   eu
2026-07-22T02:08:47.910493  ftp.asiaadomainsshatelhamrahaval.co.uk.:443 OK     0.149s   eu
2026-07-22T02:08:47.911721  991md72.ir.meli-n13.info:8443  OK     0.195s   eu
2026-07-22T02:08:47.911986  rrfhoo88001m1.ir.ir.ir.meli-n12.info:8443 OK     0.173s   eu
2026-07-22T02:08:47.913063  sitemcinet.co.uk:443           FAIL   -        eu
2026-07-22T02:08:47.916267  332kkl222.ir.meli-n13.info:8443 OK     0.163s   eu
2026-07-22T02:08:47.916389  tge0a4dd98.koshkaproxy.shop:443 OK     0.184s   eu
2026-07-22T02:08:47.916650  Fuck-War.harcibasheokeye.ir:110 FAIL   -        eu
2026-07-22T02:08:47.919259  haji.bia-hastam.co.uk:8880     OK     0.292s   eu
2026-07-22T02:08:47.919586  new.sitemcinet.co.uk:443       FAIL   -        eu
2026-07-22T02:08:47.919660  Darvin.vak1l.ir:22             OK     0.528s   eu
2026-07-22T02:08:47.923695  most.karshenasi.info:443       OK     0.214s   eu
2026-07-22T02:08:47.924002  forward-gray.abilim.info:443   FAIL   -        eu
2026-07-22T02:08:47.924383  Loti.vak1l.ir:22               OK     0.092s   eu
2026-07-22T02:08:47.926908  saadi.masnavi.info:443         OK     0.125s   eu
2026-07-22T02:08:47.927006  blond.basicscotch.co.uk:25565  OK     0.21s    eu
2026-07-22T02:08:47.931321  webhook.vingardium.co.uk.:443  OK     0.12s    eu
2026-07-22T02:08:47.934462  Team.hafthashtgswreqetdgsrwrpi-esoiiisolfnwfsksjvwu-urishklfduiwoehv.info.:6773 FAIL   -        eu
2026-07-22T02:08:47.934718  vagon.belotfelipo.co.uk:443    OK     0.291s   eu
2026-07-22T02:08:47.938391  cstudio.semiconductor.mistloop.ir:443 OK     0.271s   eu
2026-07-22T02:08:47.949243  qq7duppuuu991m2.ir.meli-n13.info:8443 OK     0.145s   eu
2026-07-22T02:08:47.957487  neo-vpn.ink:443                OK     0.569s   eu
2026-07-22T02:08:47.957545  mohandes.karshenasi.info:443   OK     0.383s   eu
2026-07-22T02:08:47.963506  icon.davazdah.info:443         OK     0.206s   eu
2026-07-22T02:08:47.966218  super.sub-ploter.co.uk:25565   OK     0.08s    eu
2026-07-22T02:08:47.974214  br.kingproxynewdomailasiatech.ink:22 OK     0.093s   eu
2026-07-22T02:08:47.981115  symbol.simbol.info:443         OK     0.528s   eu
2026-07-22T02:08:47.986697  ipv6.ssh-sec.co.uk:443         OK     0.151s   eu
2026-07-22T02:08:47.987425  blue.golgoli2.co.uk:2096       OK     0.141s   eu
2026-07-22T02:08:47.992545  168.119.142.46:443             OK     0.123s   eu
2026-07-22T02:08:47.994476  app.what-ever.co.uk.:443       OK     0.123s   eu
2026-07-22T02:08:47.997076  7463711lllll.ir.meli-n13.info:8443 OK     0.149s   eu
2026-07-22T02:08:48.000563  gol.pesar.hedoit.info:443      OK     0.167s   eu
2026-07-22T02:08:48.010494  medblock.fit:443               OK     0.442s   eu
2026-07-22T02:08:48.011593  api-web.asiaadomainsshatelhamrahaval.co.uk.:443 OK     0.612s   eu
2026-07-22T02:08:48.013404  just.hedoit.info:443           OK     0.215s   eu
2026-07-22T02:08:48.015970  6g7h268uh8ihbx7h7hdhh5991m2.ir.meli-n13.info:8443 OK     0.157s   eu
2026-07-22T02:08:48.016092  bale-ai.vingardium.co.uk.:443  OK     0.144s   eu
2026-07-22T02:08:48.018929  medblock.ink:443               OK     0.449s   eu
2026-07-22T02:08:48.023023  goodman.lamari.info:443        OK     0.205s   eu
2026-07-22T02:08:48.027787  lux.lavazemi1.co.uk:2096       OK     0.158s   eu
2026-07-22T02:08:48.030393  opeenhostings.co.uk.:443       OK     0.178s   eu
2026-07-22T02:08:48.042397  win.golgoli1.co.uk:2053        OK     0.308s   eu
2026-07-22T02:08:48.044967  1.telbet.lol:25565             OK     0.185s   eu
2026-07-22T02:08:48.045107  cdn.savelyev.click:443         OK     0.305s   eu
2026-07-22T02:08:48.046671  mirror.malevich7.top:443       OK     0.662s   eu
2026-07-22T02:08:48.046783  new.vafadari.co.uk:2096        OK     0.162s   eu
2026-07-22T02:08:48.051898  fab.vak1l.ir:22                OK     0.212s   eu
2026-07-22T02:08:48.052738  mask.vak1l.ir:22               OK     0.301s   eu
2026-07-22T02:08:48.054004  gallery.talebi.co.uk:2096      OK     0.156s   eu
2026-07-22T02:08:48.070418  6g76h268uh8ihbx7h7hdhh991m2.ir.meli-n13.info:8443 OK     0.186s   eu
2026-07-22T02:08:48.089543  net.pelmeshka.top:443          OK     0.344s   eu
2026-07-22T02:08:48.092628  messi.nisti.co.uk:8880         OK     0.298s   eu
2026-07-22T02:08:48.153615  star.talebi.co.uk:2096         OK     0.29s    eu
2026-07-22T02:08:48.153864  himan.dano-vaks.co.uk.:443     OK     0.331s   eu
2026-07-22T02:08:48.156182  fleethop.org:443               OK     0.478s   eu
2026-07-22T02:08:48.176774  silver.ciaude.co.uk:2096       OK     0.297s   eu
2026-07-22T02:08:48.197692  sv.just-money.co.uk:443        OK     0.338s   eu
2026-07-22T02:08:48.228191  www.glowship.ir.:8443          OK     0.339s   eu
2026-07-22T02:08:48.247102  alo-alo.info.01-62.ir.:8443    OK     0.358s   eu
2026-07-22T02:08:48.276937  dena-plus-auto.denatara.info:443 OK     0.385s   eu
2026-07-22T02:08:48.833965  nab.goooalir.co.uk:8443        OK     1.217s   eu
2026-07-22T02:08:49.391982  188.245.252.34:8443            FAIL   -        eu
2026-07-22T02:08:49.392152  163.5.31.10:8443               FAIL   -        eu
2026-07-22T02:08:49.392820  5.75.221.209:8443              FAIL   -        eu
2026-07-22T02:08:49.397514  195.254.165.252:25565          FAIL   -        eu
2026-07-22T02:08:49.399497  78.46.229.76:8443              FAIL   -        eu
2026-07-22T02:08:49.399688  65.109.250.216:8443            FAIL   -        eu
2026-07-22T02:08:49.400511  212.34.135.78:443              FAIL   -        eu
2026-07-22T02:08:49.416933  cip.histirik.co.uk.:443        FAIL   -        eu
2026-07-22T02:08:49.429176  tg98d29b25.koshkaproxy.shop:443 FAIL   -        eu
2026-07-22T02:08:49.434199  tg9f28144b.koshkaproxy.shop:443 FAIL   -        eu
2026-07-22T02:08:49.460989  Red.dada-co.info:2040          FAIL   -        eu
2026-07-22T02:08:49.518016  65.109.251.136:8443            FAIL   -        eu
2026-07-22T02:08:49.569827  49.13.85.146:8443              FAIL   -        eu
2026-07-22T02:08:49.594998  88.99.175.27:8443              FAIL   -        eu
2026-07-22T02:08:49.630120  195.254.165.247:25565          FAIL   -        eu
2026-07-22T02:08:49.724369  89.251.10.2:7443               FAIL   -        eu
2026-07-22T02:08:49.730863  176.65.135.65:23               FAIL   -        eu
2026-07-22T02:08:49.743034  194.5.206.50:4433              FAIL   -        eu
2026-07-22T02:08:49.746524  5.75.220.68:8443               FAIL   -        eu
2026-07-22T02:08:49.755354  167.233.215.5:8443             FAIL   -        eu
2026-07-22T02:08:49.776998  5.75.212.213:8443              FAIL   -        eu
2026-07-22T02:08:49.805034  Komatso-Japan.www.google.com.ganool-com.info:300 FAIL   -        eu
2026-07-22T02:08:49.810418  146.103.104.26:443             FAIL   -        eu
2026-07-22T02:08:49.830520  152.232.8.182:443              FAIL   -        eu
2026-07-22T02:08:49.840579  www.beastmode.icu.:8888        FAIL   -        eu
2026-07-22T02:08:49.842496  195.254.165.251:25565          FAIL   -        eu
2026-07-22T02:08:49.899403  https-cdn-ddns.itdeveloper.info.:88 FAIL   -        eu
2026-07-22T02:08:49.954380  iran.zibayi.shop.:888          FAIL   -        eu
2026-07-22T02:08:49.954416  www.myssscript.beauty.:8888    FAIL   -        eu
2026-07-22T02:08:49.954424  dd.tgproxy.today:8080          FAIL   -        eu
2026-07-22T02:08:50.115605  www.lastingg.baby.:8888        FAIL   -        eu
------------------------------------------------------------

Top 20 fastest proxies:
  172.65.186.19:443 | ping=0.012s | eu | 
  come.vak1l.ir:22 | ping=0.026s | eu | 
  b.sub-ploter.co.uk:22 | ping=0.054s | eu | 
  googel.alo-otp.info.:25565 | ping=0.058s | eu | dbiz ]cdn.yektanet.com
  dark.basicscotch.co.uk:22 | ping=0.062s | eu | 
  super.sub-ploter.co.uk:25565 | ping=0.08s | eu | 
  Loti.vak1l.ir:22 | ping=0.092s | eu | 
  br.kingproxynewdomailasiatech.ink:22 | ping=0.093s | eu | 
  78.154.116.30:1010 | ping=0.115s | eu | 
  176.65.135.69:443 | ping=0.118s | eu | 
  78.154.116.28:1010 | ping=0.119s | eu | 
  93.183.88.188:443 | ping=0.119s | eu | }>r@c'media.steampowered.com
  3.telbet.lol:25565 | ping=0.12s | eu | 
  23.88.51.230:443 | ping=0.12s | eu | 
  syntax.ddnscdn.sbs.:443 | ping=0.12s | eu | 
  webhook.vingardium.co.uk.:443 | ping=0.12s | eu | 
  manavi.masnavi.info:443 | ping=0.121s | eu | 
  logs.jinxandjack.co.uk.:443 | ping=0.122s | eu | 
  permiiium.lavazemi2.co.uk:443 | ping=0.122s | eu | 
  moh.kingproxynewdomailasiatech.ink:25565 | ping=0.123s | eu | 
